2024-10-24T00:01:19.669Z [info]: Account deleted successfully: {"responseCode":200,"message":"Account deleted!"}
2024-10-24T00:01:19.892Z [error]: User creation failed: {"responseCode":201,"message":"User created!"}
2024-10-24T00:01:20.357Z [info]: Account deleted successfully: {"responseCode":200,"message":"Account deleted!"}
2024-10-24T00:01:20.742Z [error]: User creation failed: {"responseCode":201,"message":"User created!"}
2024-10-24T00:02:46.225Z [info]: Account deleted successfully: {"responseCode":404,"message":"Account not found!"}
2024-10-24T00:02:46.450Z [info]: User created successfully: {"responseCode":201,"message":"User created!"}
2024-10-24T00:02:46.967Z [info]: Account deleted successfully: {"responseCode":200,"message":"Account deleted!"}
2024-10-24T00:02:47.196Z [info]: User created successfully: {"responseCode":400,"message":"Email already exists!"}
2024-10-24T00:06:53.943Z [info]: Account deleted successfully: {"responseCode":200,"message":"Account deleted!"}
2024-10-24T00:06:54.371Z [info]: User created successfully: {"responseCode":201,"message":"User created!"}
2024-10-24T00:07:08.888Z [info]: Navegou para a página inicial com sucesso.
2024-10-24T00:07:10.921Z [info]: Login realizado com sucesso.
2024-10-24T00:10:42.392Z [info]: Account deleted successfully: {"responseCode":200,"message":"Account deleted!"}
2024-10-24T00:10:42.513Z [info]: Account deleted successfully: {"responseCode":404,"message":"Account not found!"}
2024-10-24T00:10:42.736Z [info]: User created successfully: {"responseCode":400,"message":"Email already exists!"}
2024-10-24T00:10:43.239Z [info]: User created successfully: {"responseCode":201,"message":"User created!"}
2024-10-24T00:10:56.973Z [info]: Navegou para a página inicial com sucesso.
2024-10-24T00:10:59.070Z [info]: Navegou para a página inicial com sucesso.
2024-10-24T00:11:00.371Z [info]: Login realizado com sucesso.
2024-10-24T00:11:01.790Z [info]: Login realizado com sucesso.
2024-10-24T00:11:10.992Z [info]: Account deleted successfully: {"responseCode":200,"message":"Account deleted!"}
2024-10-24T00:11:11.844Z [info]: User created successfully: {"responseCode":201,"message":"User created!"}
2024-10-24T00:11:27.197Z [info]: Navegou para a página inicial com sucesso.
2024-10-24T00:11:30.020Z [info]: Login realizado com sucesso.
2024-10-25T23:02:48.057Z [info]: Account deleted successfully: {"responseCode":200,"message":"Account deleted!"}
2024-10-25T23:02:48.266Z [info]: User created successfully: {"responseCode":201,"message":"User created!"}
2024-10-25T23:02:53.354Z [info]: Navegou para a página inicial com sucesso.
2024-10-25T23:02:55.488Z [info]: Login realizado com sucesso.
2024-10-25T23:04:05.406Z [info]: Account deleted successfully: {"responseCode":200,"message":"Account deleted!"}
2024-10-25T23:04:05.552Z [info]: Account deleted successfully: {"responseCode":404,"message":"Account not found!"}
2024-10-25T23:04:05.620Z [info]: User created successfully: {"responseCode":201,"message":"User created!"}
2024-10-25T23:04:05.792Z [info]: User created successfully: {"responseCode":400,"message":"Email already exists!"}
2024-10-25T23:04:12.189Z [info]: Navegou para a página inicial com sucesso.
2024-10-25T23:04:12.289Z [info]: Navegou para a página inicial com sucesso.
2024-10-25T23:04:13.586Z [info]: Login realizado com sucesso.
2024-10-25T23:04:13.801Z [info]: Login realizado com sucesso.
2024-10-25T23:04:14.216Z [info]: Navegou para a página de produtos com sucesso.
2024-10-25T23:04:14.459Z [info]: Categoria de roupas masculinas selecionada com sucesso.
2024-10-25T23:04:14.754Z [info]: Logout realizado com sucesso.
2024-10-25T23:04:15.378Z [info]: Categoria de camisetas masculinas selecionada com sucesso.
2024-10-25T23:04:15.549Z [info]: Produto de camiseta masculina selecionado com sucesso.
2024-10-25T23:04:16.778Z [info]: Continuar comprando clicado com sucesso.
2024-10-25T23:04:16.916Z [info]: Categoria de roupas masculinas selecionada com sucesso.
2024-10-25T23:04:17.934Z [info]: Categoria de jeans masculinos selecionada com sucesso.
2024-10-25T23:04:18.063Z [info]: Produto de jeans masculinos selecionado com sucesso.
2024-10-25T23:04:19.135Z [info]: Continuar comprando clicado com sucesso.
2024-10-25T23:04:19.506Z [info]: Navegou para a página do carrinho com sucesso.
2024-10-25T23:04:22.667Z [info]: A compra do produto foi concluido com sucesso.
2024-10-25T23:04:23.203Z [info]: Logout realizado com sucesso.
